[debug] > Exec(early(addDefaultCommands), None, None)
[debug] > Exec(addDefaultCommands, None, None)
[debug] > Exec(early(initialize), None, None)
[debug] > Exec(initialize, None, None)
[debug] > Exec(boot, None, None)
[debug] > Exec(writeSbtVersion, None, None)
[debug] > Exec(reload, None, None)
[debug] > Exec(sbtStashOnFailure, None, None)
[debug] > Exec(onFailure loadFailed, None, None)
[debug] > Exec(loadp, None, None)
[info] welcome to sbt 1.10.1 (Oracle Corporation Java 22.0.2)
[debug] Load.defaultLoad until apply took 135.4782ms
[debug]           Load.loadUnit: plugins took 117.2613ms
[debug]           Load.loadUnit: defsScala took 0.2675ms
[debug] [Loading] Scanning directory C:\Users\Administrator\Documents\Scala\Scala_Basics\project
[debug] [Loading] Found non-root projects 
[debug] [Loading] Done in C:\Users\Administrator\Documents\Scala\Scala_Basics\project, returning: ()
[debug] deducing auto plugins based on known facts Set(Atom(sbt.plugins.CorePlugin)) and clauses Clauses(Clause(Atom(sbt.plugins.JvmPlugin),Set(Atom(sbt.plugins.IvyPlugin)))
[debug] Clause(Atom(sbt.ScriptedPlugin),Set(Atom(sbt.plugins.JvmPlugin)))
[debug] Clause(Atom(sbt.plugins.SbtPlugin),Set(Atom(sbt.ScriptedPlugin)))
[debug] Clause(Atom(sbt.plugins.SemanticdbPlugin),Set(Atom(sbt.plugins.JvmPlugin)))
[debug] Clause(Atom(sbt.plugins.JUnitXmlReportPlugin),Set(Atom(sbt.plugins.JvmPlugin)))
[debug] Clause(Atom(sbt.plugins.MiniDependencyTreePlugin),Set(Atom(sbt.plugins.JvmPlugin)))
[debug] Clause(Atom(sbt.plugins.CorePlugin),Set(Atom(sbt.plugins.IvyPlugin)))
[debug] Clause(Atom(sbt.plugins.IvyPlugin),Set(Atom(sbt.plugins.JvmPlugin)))
[debug] Clause(Atom(sbt.plugins.JvmPlugin),Set(Atom(sbt.plugins.SemanticdbPlugin)))
[debug] Clause(Atom(sbt.plugins.JvmPlugin),Set(Atom(sbt.plugins.JUnitXmlReportPlugin)))
[debug] Clause(Atom(sbt.plugins.CorePlugin),Set(Atom(sbt.plugins.Giter8TemplatePlugin)))
[debug] Clause(Atom(sbt.plugins.JvmPlugin),Set(Atom(sbt.plugins.MiniDependencyTreePlugin))))
[debug]   :: deduced result: Matched(sbt.plugins.CorePlugin,sbt.plugins.Giter8TemplatePlugin,sbt.plugins.IvyPlugin,sbt.plugins.JvmPlugin,sbt.plugins.MiniDependencyTreePlugin,sbt.plugins.JUnitXmlReportPlugin,sbt.plugins.SemanticdbPlugin)
[debug] Plugins.deducer#function took 17.7874 ms
[debug]               Load.resolveProject(scala_basics-build) took 42.9424ms
[debug]             Load.loadTransitive: finalizeProject(Project(id scala_basics-build, base: C:\Users\Administrator\Documents\Scala\Scala_Basics\project, plugins: List(<none>))) took 82.2064ms
[debug] [Loading] Done in C:\Users\Administrator\Documents\Scala\Scala_Basics\project, returning: (scala_basics-build)
[debug]           Load.loadUnit: loadedProjectsRaw took 100.95ms
[debug]           Load.loadUnit: cleanEvalClasses took 0.196ms
[debug]         Load.loadUnit(file:/C:/Users/Administrator/Documents/Scala/Scala_Basics/project/, ...) took 224.3445ms
[debug]       Load.apply: load took 493.3471ms
[debug]       Load.apply: resolveProjects took 6.9277ms
[debug]       Load.apply: finalTransforms took 71.1585ms
[debug]       Load.apply: config.delegates took 7.0251ms
[debug]       Load.apply: Def.make(settings)... took 518.5255ms
[debug]       Load.apply: structureIndex took 100.285ms
[debug]       Load.apply: mkStreams took 1.4215ms
[info] loading project definition from C:\Users\Administrator\Documents\Scala\Scala_Basics\project
[debug] Running task... Cancel: Signal, check cycles: false, forcegc: true
[debug]     Load.loadUnit: plugins took 2315.1575ms
[debug]     Load.loadUnit: defsScala took 0.0049ms
[debug] [Loading] Scanning directory C:\Users\Administrator\Documents\Scala\Scala_Basics
[debug]       Load.loadUnit: mkEval took 4.9435ms
